[debug] > Exec(early(addDefaultCommands), None, None)
[debug] > Exec(addDefaultCommands, None, None)
[debug] > Exec(early(initialize), None, None)
[debug] > Exec(initialize, None, None)
[debug] > Exec(boot, None, None)
[debug] > Exec(writeSbtVersion, None, None)
[debug] > Exec(reload, None, None)
[debug] > Exec(sbtStashOnFailure, None, None)
[debug] > Exec(onFailure loadFailed, None, None)
[debug] > Exec(loadp, None, None)
[info] welcome to sbt 1.5.4 (Homebrew Java 11.0.20)
[debug] Load.defaultLoad until apply took 94.651542ms
[debug]           Load.loadUnit: plugins took 29.063208ms
[debug]           Load.loadUnit: defsScala took 0.103167ms
[debug] [Loading] Scanning directory /Users/derickdamoahtwum/Desktop/projects/todo-performance-tests/my-gatling-test-suite/project
[debug]             Load.loadUnit: mkEval took 3.696708ms
[debug] [Loading] Found non-root projects 
[debug] [Loading] Done in /Users/derickdamoahtwum/Desktop/projects/todo-performance-tests/my-gatling-test-suite/project, returning: ()
[debug] deducing auto plugins based on known facts Set(Atom(sbt.plugins.CorePlugin)) and clauses Clauses(Clause(Atom(sbt.plugins.JvmPlugin),Set(Atom(sbt.plugins.IvyPlugin)))
[debug] Clause(Atom(sbt.ScriptedPlugin),Set(Atom(sbt.plugins.JvmPlugin)))
[debug] Clause(Atom(sbt.plugins.SbtPlugin),Set(Atom(sbt.ScriptedPlugin)))
[debug] Clause(Atom(sbt.plugins.SemanticdbPlugin),Set(Atom(sbt.plugins.JvmPlugin)))
[debug] Clause(Atom(sbt.plugins.JUnitXmlReportPlugin),Set(Atom(sbt.plugins.JvmPlugin)))
[debug] Clause(Atom(sbt.plugins.MiniDependencyTreePlugin),Set(Atom(sbt.plugins.JvmPlugin)))
[debug] Clause(Atom(sbt.plugins.CorePlugin),Set(Atom(sbt.plugins.IvyPlugin)))
[debug] Clause(Atom(sbt.plugins.IvyPlugin),Set(Atom(sbt.plugins.JvmPlugin)))
[debug] Clause(Atom(sbt.plugins.JvmPlugin),Set(Atom(sbt.plugins.SemanticdbPlugin)))
[debug] Clause(Atom(sbt.plugins.JvmPlugin),Set(Atom(sbt.plugins.JUnitXmlReportPlugin)))
[debug] Clause(Atom(sbt.plugins.CorePlugin),Set(Atom(sbt.plugins.Giter8TemplatePlugin)))
[debug] Clause(Atom(sbt.plugins.JvmPlugin),Set(Atom(sbt.plugins.MiniDependencyTreePlugin))))
[debug]   :: deduced result: Matched(sbt.plugins.CorePlugin,sbt.plugins.Giter8TemplatePlugin,sbt.plugins.IvyPlugin,sbt.plugins.JvmPlugin,sbt.plugins.MiniDependencyTreePlugin,sbt.plugins.JUnitXmlReportPlugin,sbt.plugins.SemanticdbPlugin)
[debug] Plugins.deducer#function took 5.315709 ms
[info] loading settings for project my-gatling-test-suite-build from plugins.sbt ...
[debug]               Load.resolveProject(my-gatling-test-suite-build) took 19.7095ms
[debug]             Load.loadTransitive: finalizeProject(Project(id my-gatling-test-suite-build, base: /Users/derickdamoahtwum/Desktop/projects/todo-performance-tests/my-gatling-test-suite/project, plugins: List(<none>))) took 27.84475ms
[debug] [Loading] Done in /Users/derickdamoahtwum/Desktop/projects/todo-performance-tests/my-gatling-test-suite/project, returning: (my-gatling-test-suite-build)
[debug]           Load.loadUnit: loadedProjectsRaw took 693.89025ms
[debug]           Load.loadUnit: cleanEvalClasses took 1.5905ms
[debug]         Load.loadUnit(file:/Users/derickdamoahtwum/Desktop/projects/todo-performance-tests/my-gatling-test-suite/project/, ...) took 726.476833ms
[debug]       Load.apply: load took 823.125584ms
[debug]       Load.apply: resolveProjects took 2.000625ms
[debug]       Load.apply: finalTransforms took 23.702166ms
[debug]       Load.apply: config.delegates took 2.281959ms
[debug]       Load.apply: Def.make(settings)... took 163.197458ms
[debug]       Load.apply: structureIndex took 33.40925ms
[debug]       Load.apply: mkStreams took 0.647833ms
[info] loading project definition from /Users/derickdamoahtwum/Desktop/projects/todo-performance-tests/my-gatling-test-suite/project
[debug] Running task... Cancel: Signal, check cycles: false, forcegc: true
[info] compiling 1 Scala source to /Users/derickdamoahtwum/Desktop/projects/todo-performance-tests/my-gatling-test-suite/project/target/scala-2.12/sbt-1.0/classes ...
[info] Non-compiled module 'compiler-bridge_2.12' for Scala 2.12.14. Compiling...
[info]   Compilation completed in 3.299s.
[info] done compiling
[debug]     Load.loadUnit: plugins took 5706.4805ms
[debug]     Load.loadUnit: defsScala took 0.001542ms
[debug] [Loading] Scanning directory /Users/derickdamoahtwum/Desktop/projects/todo-performance-tests/my-gatling-test-suite
[debug]       Load.loadUnit: mkEval took 0.11025ms
[debug] [Loading] Found root project root w/ remaining 
[debug] deducing auto plugins based on known facts Set(Atom(io.gatling.sbt.GatlingPlugin), Atom(sbt.plugins.CorePlugin)) and clauses Clauses(Clause(Atom(sbt.plugins.JvmPlugin),Set(Atom(sbt.plugins.IvyPlugin)))
[debug] Clause(Atom(sbt.ScriptedPlugin),Set(Atom(sbt.plugins.JvmPlugin)))
[debug] Clause(Atom(sbt.plugins.SbtPlugin),Set(Atom(sbt.ScriptedPlugin)))
[debug] Clause(Atom(sbt.plugins.SemanticdbPlugin),Set(Atom(sbt.plugins.JvmPlugin)))
[debug] Clause(Atom(sbt.plugins.JUnitXmlReportPlugin),Set(Atom(sbt.plugins.JvmPlugin)))
[debug] Clause(Atom(sbt.plugins.MiniDependencyTreePlugin),Set(Atom(sbt.plugins.JvmPlugin)))
[debug] Clause(Atom(io.gatling.sbt.GatlingPlugin),Set(Atom(sbt.plugins.JvmPlugin)))
[debug] Clause(Atom(sbt.plugins.CorePlugin),Set(Atom(sbt.plugins.IvyPlugin)))
[debug] Clause(Atom(sbt.plugins.IvyPlugin),Set(Atom(sbt.plugins.JvmPlugin)))
[debug] Clause(Atom(sbt.plugins.JvmPlugin),Set(Atom(sbt.plugins.SemanticdbPlugin)))
[debug] Clause(Atom(sbt.plugins.JvmPlugin),Set(Atom(sbt.plugins.JUnitXmlReportPlugin)))
[debug] Clause(Atom(sbt.plugins.CorePlugin),Set(Atom(sbt.plugins.Giter8TemplatePlugin)))
[debug] Clause(Atom(sbt.plugins.JvmPlugin),Set(Atom(sbt.plugins.MiniDependencyTreePlugin))))
[debug]   :: deduced result: Matched(sbt.plugins.CorePlugin,io.gatling.sbt.GatlingPlugin,sbt.plugins.Giter8TemplatePlugin,sbt.plugins.IvyPlugin,sbt.plugins.JvmPlugin,sbt.plugins.MiniDependencyTreePlugin,sbt.plugins.JUnitXmlReportPlugin,sbt.plugins.SemanticdbPlugin)
[debug] Plugins.deducer#function took 0.642875 ms
[info] loading settings for project root from build.sbt ...
[debug]         Load.resolveProject(root) took 8.939084ms
[debug]       Load.loadTransitive: finalizeProject(Project(id root, base: /Users/derickdamoahtwum/Desktop/projects/todo-performance-tests/my-gatling-test-suite, plugins: List(<none>))) took 10.225708ms
[debug] [Loading] Done in /Users/derickdamoahtwum/Desktop/projects/todo-performance-tests/my-gatling-test-suite, returning: (root)
[debug]     Load.loadUnit: loadedProjectsRaw took 435.108292ms
[debug]     Load.loadUnit: cleanEvalClasses took 0.33825ms
[debug]   Load.loadUnit(file:/Users/derickdamoahtwum/Desktop/projects/todo-performance-tests/my-gatling-test-suite/, ...) took 6142.409875ms
[debug] Load.apply: load took 6148.589ms
[debug] Load.apply: resolveProjects took 0.054417ms
[debug] Load.apply: finalTransforms took 4.833708ms
[debug] Load.apply: config.delegates took 0.223958ms
[debug] Load.apply: Def.make(settings)... took 56.472542ms
[debug] Load.apply: structureIndex took 14.06875ms
[debug] Load.apply: mkStreams took 0.003291ms
[info] set current project to My Gatling Test Suite (in build file:/Users/derickdamoahtwum/Desktop/projects/todo-performance-tests/my-gatling-test-suite/)
[debug] > Exec(sbtPopOnFailure, None, None)
[debug] > Exec(resumeFromFailure, None, None)
[debug] > Exec(notifyUsersAboutShell, None, None)
[debug] > Exec(iflast shell, None, None)
[debug] > Exec(shell, None, None)
[info] sbt server started at local:///Users/derickdamoahtwum/.sbt/1.0/server/369b1011f05decd447ae/sock
[debug] Writing bsp connection file
[info] started sbt server
