[debug] > Exec(;set _root_.scala.collection.Seq(historyPath := None,shellPrompt := { _ => "" },SettingKey[_root_.scala.Option[_root_.sbt.File]]("sbtStructureOutputFile") in _root_.sbt.Global := _root_.scala.Some(_root_.sbt.file("/private/var/folders/w5/cdg9wg953gq3p_xv3k0b8mgm0000gn/T/sbt-structure.xml")),SettingKey[_root_.java.lang.String]("sbtStructureOptions") in _root_.sbt.Global := "download, resolveClassifiers");apply -cp "/Users/derickdamoahtwum/Library/Application Support/JetBrains/IntelliJIdea2023.2/plugins/Scala/repo/org/jetbrains/scala/sbt-structure-extractor_2.12_1.0/2023.1.0/sbt-structure-extractor-2023.1.0.jar" org.jetbrains.sbt.CreateTasks;preferScala2;*/*:dumpStructure, Some(838d6a7c-4af1-40b2-8278-4782d945593f), Some(CommandSource(console0)))
[debug] > Exec(set _root_.scala.collection.Seq(historyPath := None,shellPrompt := { _ => "" },SettingKey[_root_.scala.Option[_root_.sbt.File]]("sbtStructureOutputFile") in _root_.sbt.Global := _root_.scala.Some(_root_.sbt.file("/private/var/folders/w5/cdg9wg953gq3p_xv3k0b8mgm0000gn/T/sbt-structure.xml")),SettingKey[_root_.java.lang.String]("sbtStructureOptions") in _root_.sbt.Global := "download, resolveClassifiers"), None, Some(CommandSource(console0)))
[info] Defining Global / sbtStructureOptions, Global / sbtStructureOutputFile and 1 others.
[info] The new values will be used by cleanKeepGlobs
[info] 	Run `last` for details.
[debug] Defining 
[debug] 	Global / sbtStructureOptions
[debug] 	Global / sbtStructureOutputFile
[debug] 	history
[debug] 	shellPrompt
[debug] 
[debug] The new values will be used by 
[debug] 	cleanKeepGlobs
[info] Reapplying settings...
[info] set current project to My Gatling Test Suite (in build file:/Users/derickdamoahtwum/Desktop/projects/todo-performance-tests/my-gatling-test-suite/)
[debug] > Exec(apply -cp "/Users/derickdamoahtwum/Library/Application Support/JetBrains/IntelliJIdea2023.2/plugins/Scala/repo/org/jetbrains/scala/sbt-structure-extractor_2.12_1.0/2023.1.0/sbt-structure-extractor-2023.1.0.jar" org.jetbrains.sbt.CreateTasks, None, Some(CommandSource(console0)))
[info] Applying State transformations org.jetbrains.sbt.CreateTasks from /Users/derickdamoahtwum/Library/Application Support/JetBrains/IntelliJIdea2023.2/plugins/Scala/repo/org/jetbrains/scala/sbt-structure-extractor_2.12_1.0/2023.1.0/sbt-structure-extractor-2023.1.0.jar
[info] Reapplying settings...
[info] set current project to My Gatling Test Suite (in build file:/Users/derickdamoahtwum/Desktop/projects/todo-performance-tests/my-gatling-test-suite/)
[debug] > Exec(preferScala2, None, Some(CommandSource(console0)))
[debug] > Exec(*/*:dumpStructure, None, Some(CommandSource(console0)))
[debug] Evaluating tasks: Global / dumpStructure
[warn] sbt 0.13 shell syntax is deprecated; use slash syntax instead: Global / dumpStructure
[debug] Running task... Cancel: Signal, check cycles: false, forcegc: true
[info] Writing structure to /private/var/folders/w5/cdg9wg953gq3p_xv3k0b8mgm0000gn/T/sbt-structure.xml...
[info] Done.
[success] Total time: 37 s, completed 4 Oct 2023, 21:42:31
[debug] > Exec(shell, None, None)
[warn] build source files have changed
[warn] deleted files: 
[warn]   /Users/derickdamoahtwum/Desktop/projects/todo-performance-tests/my-gatling-test-suite/project/plugins.sbt
[warn]   /Users/derickdamoahtwum/Desktop/projects/todo-performance-tests/my-gatling-test-suite/build.sbt
[warn]   /Users/derickdamoahtwum/Desktop/projects/todo-performance-tests/my-gatling-test-suite/project/Dependencies.scala
[warn] Apply these changes by running `reload`.
[warn] Automatically reload the build when source changes are detected by setting `Global / onChangedBuildSource := ReloadOnSourceChanges`.
[warn] Disable this warning by setting `Global / onChangedBuildSource := IgnoreSourceChanges`.
